  .   ____          _            __ _ _
 /\\ / ___'_ __ _ _(_)_ __  __ _ \ \ \ \
( ( )\___ | '_ | '_| | '_ \/ _` | \ \ \ \
 \\/  ___)| |_)| | | | | || (_| |  ) ) ) )
  '  |____| .__|_| |_|_| |_\__, | / / / /
 =========|_|==============|___/=/_/_/_/

 :: Spring Boot ::                (v3.3.0)

2026-07-18T21:36:00.204Z  INFO 31020 --- [platform] [           main] com.siege.platform.PlatformApplication   : Starting PlatformApplication using Java 21.0.10 with PID 31020 (C:\Users\junio\Downloads\memoire\SimpleTaff\target\classes started by junio in C:\Users\junio\Downloads\memoire\SimpleTaff)
2026-07-18T21:36:00.209Z  INFO 31020 --- [platform] [           main] com.siege.platform.PlatformApplication   : No active profile set, falling back to 1 default profile: "default"
2026-07-18T21:36:02.414Z  INFO 31020 --- [platform] [           main] .s.d.r.c.RepositoryConfigurationDelegate : Bootstrapping Spring Data JPA repositories in DEFAULT mode.
2026-07-18T21:36:02.661Z  INFO 31020 --- [platform] [           main] .s.d.r.c.RepositoryConfigurationDelegate : Finished Spring Data repository scanning in 231 ms. Found 32 JPA repository interfaces.
2026-07-18T21:36:04.147Z  INFO 31020 --- [platform] [           main] o.s.b.w.embedded.tomcat.TomcatWebServer  : Tomcat initialized with port 8080 (http)
2026-07-18T21:36:04.168Z  INFO 31020 --- [platform] [           main] o.apache.catalina.core.StandardService   : Starting service [Tomcat]
2026-07-18T21:36:04.168Z  INFO 31020 --- [platform] [           main] o.apache.catalina.core.StandardEngine    : Starting Servlet engine: [Apache Tomcat/10.1.24]
2026-07-18T21:36:04.317Z  INFO 31020 --- [platform] [           main] o.a.c.c.C.[Tomcat].[localhost].[/]       : Initializing Spring embedded WebApplicationContext
2026-07-18T21:36:04.317Z  INFO 31020 --- [platform] [           main] w.s.c.ServletWebServerApplicationContext : Root WebApplicationContext: initialization completed in 3993 ms
2026-07-18T21:36:04.829Z  INFO 31020 --- [platform] [           main] com.zaxxer.hikari.HikariDataSource       : HikariPool-1 - Starting...
2026-07-18T21:36:05.276Z  INFO 31020 --- [platform] [           main] com.zaxxer.hikari.pool.HikariPool        : HikariPool-1 - Added connection org.postgresql.jdbc.PgConnection@6121a7dd
2026-07-18T21:36:05.281Z  INFO 31020 --- [platform] [           main] com.zaxxer.hikari.HikariDataSource       : HikariPool-1 - Start completed.
2026-07-18T21:36:05.360Z  INFO 31020 --- [platform] [           main] org.flywaydb.core.FlywayExecutor         : Database: jdbc:postgresql://localhost:5432/simpletaff_db (PostgreSQL 18.4)
2026-07-18T21:36:05.374Z  WARN 31020 --- [platform] [           main] o.f.c.internal.database.base.Database    : Flyway upgrade recommended: PostgreSQL 18.4 is newer than this version of Flyway and support has not been tested. The latest supported version of PostgreSQL is 16.
2026-07-18T21:36:05.483Z  INFO 31020 --- [platform] [           main] o.f.core.internal.command.DbValidate     : Successfully validated 22 migrations (execution time 00:00.088s)
2026-07-18T21:36:05.500Z  INFO 31020 --- [platform] [           main] o.f.core.internal.command.DbMigrate      : Current version of schema "public": 22
2026-07-18T21:36:05.501Z  WARN 31020 --- [platform] [           main] o.f.core.internal.command.DbMigrate      : Schema "public" has a version (22) that is newer than the latest available migration (15) !
2026-07-18T21:36:05.506Z  INFO 31020 --- [platform] [           main] o.f.core.internal.command.DbMigrate      : Schema "public" is up to date. No migration necessary.
2026-07-18T21:36:05.725Z  INFO 31020 --- [platform] [           main] o.hibernate.jpa.internal.util.LogHelper  : HHH000204: Processing PersistenceUnitInfo [name: default]
2026-07-18T21:36:05.987Z  INFO 31020 --- [platform] [           main] org.hibernate.Version                    : HHH000412: Hibernate ORM core version 6.5.2.Final
2026-07-18T21:36:06.083Z  INFO 31020 --- [platform] [           main] o.h.c.internal.RegionFactoryInitiator    : HHH000026: Second-level cache disabled
2026-07-18T21:36:07.370Z  INFO 31020 --- [platform] [           main] o.s.o.j.p.SpringPersistenceUnitInfo      : No LoadTimeWeaver setup: ignoring JPA class transformer
2026-07-18T21:36:07.503Z  WARN 31020 --- [platform] [           main] org.hibernate.orm.deprecation            : HHH90000025: PostgreSQLDialect does not need to be specified explicitly using 'hibernate.dialect' (remove the property setting and it will be selected by default)
2026-07-18T21:36:11.051Z  INFO 31020 --- [platform] [           main] o.h.e.t.j.p.i.JtaPlatformInitiator       : HHH000489: No JTA platform available (set 'hibernate.transaction.jta.platform' to enable JTA platform integration)
2026-07-18T21:36:11.136Z  INFO 31020 --- [platform] [           main] j.LocalContainerEntityManagerFactoryBean : Initialized JPA EntityManagerFactory for persistence unit 'default'
2026-07-18T21:36:12.161Z  INFO 31020 --- [platform] [           main] o.s.d.j.r.query.QueryEnhancerFactory     : Hibernate is in classpath; If applicable, HQL parser will be used.
2026-07-18T21:36:15.082Z  INFO 31020 --- [platform] [           main] eAuthenticationProviderManagerConfigurer : Global AuthenticationManager configured with AuthenticationProvider bean with name authenticationProvider
2026-07-18T21:36:15.084Z  WARN 31020 --- [platform] [           main] r$InitializeUserDetailsManagerConfigurer : Global AuthenticationManager configured with an AuthenticationProvider bean. UserDetailsService beans will not be used for username/password login. Consider removing the AuthenticationProvider bean. Alternatively, consider using the UserDetailsService in a manually instantiated DaoAuthenticationProvider.
2026-07-18T21:36:17.922Z  WARN 31020 --- [platform] [           main] JpaBaseConfiguration$JpaWebConfiguration : spring.jpa.open-in-view is enabled by default. Therefore, database queries may be performed during view rendering. Explicitly configure spring.jpa.open-in-view to disable this warning
2026-07-18T21:36:18.363Z  INFO 31020 --- [platform] [           main] o.s.b.a.w.s.WelcomePageHandlerMapping    : Adding welcome page: class path resource [static/index.html]
2026-07-18T21:36:19.266Z  INFO 31020 --- [platform] [           main] o.s.s.web.DefaultSecurityFilterChain     : Will secure any request with [org.springframework.security.web.session.DisableEncodeUrlFilter@7439cf4b, org.springframework.security.web.context.request.async.WebAsyncManagerIntegrationFilter@11cf1be7, org.springframework.security.web.context.SecurityContextHolderFilter@767f03c5, org.springframework.security.web.header.HeaderWriterFilter@29d8d7a9, org.springframework.web.filter.CorsFilter@7e0a7b9e, org.springframework.security.web.authentication.logout.LogoutFilter@79052209, com.siege.platform.config.security.AuthTokenFilter@23327c53, org.springframework.security.web.savedrequest.RequestCacheAwareFilter@48e13ec9, org.springframework.security.web.servletapi.SecurityContextHolderAwareRequestFilter@1d033ae1, org.springframework.security.web.authentication.AnonymousAuthenticationFilter@1936513a, org.springframework.security.web.session.SessionManagementFilter@4e55d96, org.springframework.security.web.access.ExceptionTranslationFilter@7261773c, org.springframework.security.web.access.intercept.AuthorizationFilter@1bee8888]
2026-07-18T21:36:20.537Z  INFO 31020 --- [platform] [           main] o.s.b.w.embedded.tomcat.TomcatWebServer  : Tomcat started on port 8080 (http) with context path '/'
2026-07-18T21:36:20.567Z  INFO 31020 --- [platform] [           main] com.siege.platform.PlatformApplication   : Started PlatformApplication in 20.931 seconds (process running for 21.43)
